Determining if the pthread_create exist failed with the following output:
Change Dir: /home/rahul/Desktop/Computer Vision/SensorFusion/Planar_Segmentation/build/CMakeFiles/CMakeTmp

Run Build Command:"/usr/bin/make" "cmTC_7c63b/fast"
/usr/bin/make -f CMakeFiles/cmTC_7c63b.dir/build.make CMakeFiles/cmTC_7c63b.dir/build
make[1]: Entering directory '/home/rahul/Desktop/Computer Vision/SensorFusion/Planar_Segmentation/build/CMakeFiles/CMakeTmp'
Building C object CMakeFiles/cmTC_7c63b.dir/CheckSymbolExists.c.o
/usr/bin/cc    -o CMakeFiles/cmTC_7c63b.dir/CheckSymbolExists.c.o   -c "/home/rahul/Desktop/Computer Vision/SensorFusion/Planar_Segmentation/build/CMakeFiles/CMakeTmp/CheckSymbolExists.c"
Linking C executable cmTC_7c63b
/usr/bin/cmake -E cmake_link_script CMakeFiles/cmTC_7c63b.dir/link.txt --verbose=1
/usr/bin/cc      CMakeFiles/cmTC_7c63b.dir/CheckSymbolExists.c.o  -o cmTC_7c63b 
CMakeFiles/cmTC_7c63b.dir/CheckSymbolExists.c.o: In function `main':
CheckSymbolExists.c:(.text+0x1b): undefined reference to `pthread_create'
collect2: error: ld returned 1 exit status
CMakeFiles/cmTC_7c63b.dir/build.make:97: recipe for target 'cmTC_7c63b' failed
make[1]: *** [cmTC_7c63b] Error 1
make[1]: Leaving directory '/home/rahul/Desktop/Computer Vision/SensorFusion/Planar_Segmentation/build/CMakeFiles/CMakeTmp'
Makefile:126: recipe for target 'cmTC_7c63b/fast' failed
make: *** [cmTC_7c63b/fast] Error 2

File /home/rahul/Desktop/Computer Vision/SensorFusion/Planar_Segmentation/build/CMakeFiles/CMakeTmp/CheckSymbolExists.c:
/* */
#include <pthread.h>

int main(int argc, char** argv)
{
  (void)argv;
#ifndef pthread_create
  return ((int*)(&pthread_create))[argc];
#else
  (void)argc;
  return 0;
#endif
}

Determining if the function pthread_create exists in the pthreads failed with the following output:
Change Dir: /home/rahul/Desktop/Computer Vision/SensorFusion/Planar_Segmentation/build/CMakeFiles/CMakeTmp

Run Build Command:"/usr/bin/make" "cmTC_32ded/fast"
/usr/bin/make -f CMakeFiles/cmTC_32ded.dir/build.make CMakeFiles/cmTC_32ded.dir/build
make[1]: Entering directory '/home/rahul/Desktop/Computer Vision/SensorFusion/Planar_Segmentation/build/CMakeFiles/CMakeTmp'
Building C object CMakeFiles/cmTC_32ded.dir/CheckFunctionExists.c.o
/usr/bin/cc   -DCHECK_FUNCTION_EXISTS=pthread_create   -o CMakeFiles/cmTC_32ded.dir/CheckFunctionExists.c.o   -c /usr/share/cmake-3.10/Modules/CheckFunctionExists.c
Linking C executable cmTC_32ded
/usr/bin/cmake -E cmake_link_script CMakeFiles/cmTC_32ded.dir/link.txt --verbose=1
/usr/bin/cc  -DCHECK_FUNCTION_EXISTS=pthread_create    CMakeFiles/cmTC_32ded.dir/CheckFunctionExists.c.o  -o cmTC_32ded -lpthreads 
/usr/bin/ld: cannot find -lpthreads
collect2: error: ld returned 1 exit status
CMakeFiles/cmTC_32ded.dir/build.make:97: recipe for target 'cmTC_32ded' failed
make[1]: *** [cmTC_32ded] Error 1
make[1]: Leaving directory '/home/rahul/Desktop/Computer Vision/SensorFusion/Planar_Segmentation/build/CMakeFiles/CMakeTmp'
Makefile:126: recipe for target 'cmTC_32ded/fast' failed
make: *** [cmTC_32ded/fast] Error 2


