Determining if the pthread_create exist failed with the following output:
Change Dir: /home/rahul/Desktop/Computer Vision/SensorFusion/Lidar_Obstacle_Detection/build/CMakeFiles/CMakeTmp

Run Build Command:"/usr/bin/make" "cmTC_65f1d/fast"
/usr/bin/make -f CMakeFiles/cmTC_65f1d.dir/build.make CMakeFiles/cmTC_65f1d.dir/build
make[1]: Entering directory '/home/rahul/Desktop/Computer Vision/SensorFusion/Lidar_Obstacle_Detection/build/CMakeFiles/CMakeTmp'
Building C object CMakeFiles/cmTC_65f1d.dir/CheckSymbolExists.c.o
/usr/bin/cc    -o CMakeFiles/cmTC_65f1d.dir/CheckSymbolExists.c.o   -c "/home/rahul/Desktop/Computer Vision/SensorFusion/Lidar_Obstacle_Detection/build/CMakeFiles/CMakeTmp/CheckSymbolExists.c"
Linking C executable cmTC_65f1d
/usr/bin/cmake -E cmake_link_script CMakeFiles/cmTC_65f1d.dir/link.txt --verbose=1
/usr/bin/cc      -rdynamic CMakeFiles/cmTC_65f1d.dir/CheckSymbolExists.c.o  -o cmTC_65f1d 
CMakeFiles/cmTC_65f1d.dir/CheckSymbolExists.c.o: In function `main':
CheckSymbolExists.c:(.text+0x1b): undefined reference to `pthread_create'
collect2: error: ld returned 1 exit status
CMakeFiles/cmTC_65f1d.dir/build.make:97: recipe for target 'cmTC_65f1d' failed
make[1]: *** [cmTC_65f1d] Error 1
make[1]: Leaving directory '/home/rahul/Desktop/Computer Vision/SensorFusion/Lidar_Obstacle_Detection/build/CMakeFiles/CMakeTmp'
Makefile:126: recipe for target 'cmTC_65f1d/fast' failed
make: *** [cmTC_65f1d/fast] Error 2

File /home/rahul/Desktop/Computer Vision/SensorFusion/Lidar_Obstacle_Detection/build/CMakeFiles/CMakeTmp/CheckSymbolExists.c:
/* */
#include <pthread.h>

int main(int argc, char** argv)
{
  (void)argv;
#ifndef pthread_create
  return ((int*)(&pthread_create))[argc];
#else
  (void)argc;
  return 0;
#endif
}

Determining if the function pthread_create exists in the pthreads failed with the following output:
Change Dir: /home/rahul/Desktop/Computer Vision/SensorFusion/Lidar_Obstacle_Detection/build/CMakeFiles/CMakeTmp

Run Build Command:"/usr/bin/make" "cmTC_4347f/fast"
/usr/bin/make -f CMakeFiles/cmTC_4347f.dir/build.make CMakeFiles/cmTC_4347f.dir/build
make[1]: Entering directory '/home/rahul/Desktop/Computer Vision/SensorFusion/Lidar_Obstacle_Detection/build/CMakeFiles/CMakeTmp'
Building C object CMakeFiles/cmTC_4347f.dir/CheckFunctionExists.c.o
/usr/bin/cc   -DCHECK_FUNCTION_EXISTS=pthread_create   -o CMakeFiles/cmTC_4347f.dir/CheckFunctionExists.c.o   -c /usr/share/cmake-3.10/Modules/CheckFunctionExists.c
Linking C executable cmTC_4347f
/usr/bin/cmake -E cmake_link_script CMakeFiles/cmTC_4347f.dir/link.txt --verbose=1
/usr/bin/cc  -DCHECK_FUNCTION_EXISTS=pthread_create    -rdynamic CMakeFiles/cmTC_4347f.dir/CheckFunctionExists.c.o  -o cmTC_4347f -lpthreads 
/usr/bin/ld: cannot find -lpthreads
collect2: error: ld returned 1 exit status
CMakeFiles/cmTC_4347f.dir/build.make:97: recipe for target 'cmTC_4347f' failed
make[1]: *** [cmTC_4347f] Error 1
make[1]: Leaving directory '/home/rahul/Desktop/Computer Vision/SensorFusion/Lidar_Obstacle_Detection/build/CMakeFiles/CMakeTmp'
Makefile:126: recipe for target 'cmTC_4347f/fast' failed
make: *** [cmTC_4347f/fast] Error 2


